Mon Jun  2 11:00:37 Mongo DB : starting : pid = 2478 port = 27017 dbpath = data/ master = 0 slave = 0  32-bit 

** NOTE: when using MongoDB 32 bit, you are limited to about 2 gigabytes of data
**       see http://blog.mongodb.org/post/137788967/32-bit-limitations for more

Mon Jun  2 11:00:37 Assertion: Unable to acquire lock for dbpath: data/mongod.lock
Mon Jun  2 11:00:37   exception in initAndListen std::exception: Unable to acquire lock for dbpath: data/mongod.lock, terminating
Mon Jun  2 11:00:37  dbexit: 
Mon Jun  2 11:00:37 	 shutdown: going to flush oplog...
Mon Jun  2 11:00:37 	 shutdown: going to close sockets...
Mon Jun  2 11:00:37 	 shutdown: waiting for fs...
Mon Jun  2 11:00:37 	 shutdown: closing all files...
Mon Jun  2 11:00:37      closeAllFiles() finished
Mon Jun  2 11:00:37 	 shutdown: removing fs lock...
Mon Jun  2 11:00:37  dbexMon Jun  2 11:01:06 got kill or ctrl c signal 15 (Terminated), will terminate after current cmd ends
Mon Jun  2 11:01:06 now exiting
Mon Jun  2 11:01:06  dbexit: 
Mon Jun  2 11:01:06 	 shutdown: going to flush oplog...
Mon Jun  2 11:01:06 	 shutdown: going to close sockets...
Mon Jun  2 11:01:06 	 shutdown: waiting for fs...
Mon Jun  2 11:01:06 	 shutdown: closing all files...
Mon Jun  2 11:01:06      closeAllFiles() finished
Mon Jun  2 11:01:06 	 shutdown: removing fs lock...
Mon Jun  2 11:01:06  dbexit: really exiting now
